[debug] [2024-02-09T01:18:55.048Z] ----------------------------------------------------------------------
[debug] [2024-02-09T01:18:55.049Z] Command:       /usr/local/bin/node /Users/hayeong/.npm-global/bin/firebase init hosting
[debug] [2024-02-09T01:18:55.049Z] CLI Version:   13.2.1
[debug] [2024-02-09T01:18:55.049Z] Platform:      darwin
[debug] [2024-02-09T01:18:55.049Z] Node Version:  v18.16.0
[debug] [2024-02-09T01:18:55.050Z] Time:          Thu Feb 08 2024 17:18:55 GMT-0800 (Pacific Standard Time)
[debug] [2024-02-09T01:18:55.050Z] ----------------------------------------------------------------------
[debug] 
[debug] [2024-02-09T01:18:55.052Z] > command requires scopes: ["email","openid","https://www.googleapis.com/auth/cloudplatformprojects.readonly","https://www.googleapis.com/auth/firebase","https://www.googleapis.com/auth/cloud-platform"]
[debug] [2024-02-09T01:18:55.052Z] > authorizing via signed-in user (hayeong.pyeon@gmail.com)
[info] 
     ######## #### ########  ######## ########     ###     ######  ########
     ##        ##  ##     ## ##       ##     ##  ##   ##  ##       ##
     ######    ##  ########  ######   ########  #########  ######  ######
     ##        ##  ##    ##  ##       ##     ## ##     ##       ## ##
     ##       #### ##     ## ######## ########  ##     ##  ######  ########

You're about to initialize a Firebase project in this directory:

  /Users/hayeong/Desktop/EPICODUS/In-class Practice/React/NoSQL/react-help-queue-starter-project

[info] 
=== Project Setup
[info] 
[info] First, let's associate this project directory with a Firebase project.
[info] You can create multiple project aliases by running firebase use --add, 
[info] but for now we'll just set up a default project.
[info] 
[debug] [2024-02-09T01:19:13.408Z] >>> [apiv2][query] GET https://firebase.googleapis.com/v1beta1/projects pageSize=100
[debug] [2024-02-09T01:19:13.837Z] <<< [apiv2][status] GET https://firebase.googleapis.com/v1beta1/projects 200
[debug] [2024-02-09T01:19:13.837Z] <<< [apiv2][body] GET https://firebase.googleapis.com/v1beta1/projects [omitted]
[info] i  Using project help-queue-9fda9 (help-queue) 
[info] 
=== Hosting Setup
[debug] [2024-02-09T01:19:15.991Z] >>> [apiv2][query] GET https://firebase.googleapis.com/v1beta1/projects/help-queue-9fda9 [none]
[debug] [2024-02-09T01:19:16.135Z] <<< [apiv2][status] GET https://firebase.googleapis.com/v1beta1/projects/help-queue-9fda9 200
[debug] [2024-02-09T01:19:16.135Z] <<< [apiv2][body] GET https://firebase.googleapis.com/v1beta1/projects/help-queue-9fda9 {"projectId":"help-queue-9fda9","projectNumber":"89128338106","displayName":"help-queue","name":"projects/help-queue-9fda9","resources":{"hostingSite":"help-queue-9fda9"},"state":"ACTIVE","etag":"1_a73d8274-0b77-4135-8097-fc0bcd824db4"}
[info] 
[info] Your public directory is the folder (relative to your project directory) that
[info] will contain Hosting assets to be uploaded with firebase deploy. If you
[info] have a build process for your assets, use your build's output directory.
[info] 
[debug] [2024-02-09T01:19:25.081Z] >>> [apiv2][query] GET https://www.gstatic.com/firebasejs/releases.json [none]
[debug] [2024-02-09T01:19:25.133Z] <<< [apiv2][status] GET https://www.gstatic.com/firebasejs/releases.json 200
[debug] [2024-02-09T01:19:25.134Z] <<< [apiv2][body] GET https://www.gstatic.com/firebasejs/releases.json {"current":{"version":"10.8.0","browserURL":"https://www.gstatic.com/firebasejs/10.8.0/firebase.js","packageURL":"https://www.gstatic.com/firebasejs/10.8.0/firebase.tgz"},"live":{"version":"10.8","browserURL":"https://www.gstatic.com/firebasejs/live/10.8/firebase.js","packageURL":"https://www.gstatic.com/firebasejs/live/10.8/firebase.tgz"},"components":{"analytics":"https://www.gstatic.com/firebasejs/10.8.0/firebase-analytics.js","app":"https://www.gstatic.com/firebasejs/10.8.0/firebase-app.js","app-check":"https://www.gstatic.com/firebasejs/10.8.0/firebase-app-check.js","auth":"https://www.gstatic.com/firebasejs/10.8.0/firebase-auth.js","auth/cordova":"https://www.gstatic.com/firebasejs/10.8.0/firebase-auth/cordova.js","auth/web-extension":"https://www.gstatic.com/firebasejs/10.8.0/firebase-auth/web-extension.js","functions":"https://www.gstatic.com/firebasejs/10.8.0/firebase-functions.js","firestore":"https://www.gstatic.com/firebasejs/10.8.0/firebase-firestore.js","firestore/lite":"https://www.gstatic.com/firebasejs/10.8.0/firebase-firestore/lite.js","installations":"https://www.gstatic.com/firebasejs/10.8.0/firebase-installations.js","storage":"https://www.gstatic.com/firebasejs/10.8.0/firebase-storage.js","performance":"https://www.gstatic.com/firebasejs/10.8.0/firebase-performance.js","remote-config":"https://www.gstatic.com/firebasejs/10.8.0/firebase-remote-config.js","messaging":"https://www.gstatic.com/firebasejs/10.8.0/firebase-messaging.js","messaging/sw":"https://www.gstatic.com/firebasejs/10.8.0/firebase-messaging/sw.js","database":"https://www.gstatic.com/firebasejs/10.8.0/firebase-database.js","firestore.memory":"https://www.gstatic.com/firebasejs/10.8.0/firebase-firestore.memory.js"}}
[info] ✔  Wrote public/index.html 
[info] 
[info] i  Detected a .git folder at /Users/hayeong/Desktop/EPICODUS/In-class Practice/React/NoSQL/react-help-queue-starter-project 
[info] i  Authorizing with GitHub to upload your service account to a GitHub repository's secrets store. 
[info] 
[info] Visit this URL on this device to log in:
[info] https://github.com/login/oauth/authorize?client_id=89cf50f02ac6aaed3484&state=171118005&redirect_uri=http%3A%2F%2Flocalhost%3A9005&scope=read%3Auser%20repo%20public_repo
[info] 
[info] Waiting for authentication...
[debug] [2024-02-09T01:19:36.680Z] >>> [apiv2][query] POST https://github.com/login/oauth/access_token [none]
[debug] [2024-02-09T01:19:36.680Z] >>> [apiv2][body] POST https://github.com/login/oauth/access_token [stream]
[debug] [2024-02-09T01:19:36.879Z] <<< [apiv2][status] POST https://github.com/login/oauth/access_token 200
[debug] [2024-02-09T01:19:36.879Z] <<< [apiv2][body] POST https://github.com/login/oauth/access_token {"access_token":"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","token_type":"bearer","scope":"read:user,repo"}
[debug] [2024-02-09T01:19:36.886Z] >>> [apiv2][query] GET https://api.github.com/user [none]
[debug] [2024-02-09T01:19:37.060Z] <<< [apiv2][status] GET https://api.github.com/user 200
[debug] [2024-02-09T01:19:37.060Z] <<< [apiv2][body] GET https://api.github.com/user {"login":"hypyeon","id":75442323,"node_id":"MDQ6VXNlcjc1NDQyMzIz","avatar_url":"https://avatars.githubusercontent.com/u/75442323?v=4","gravatar_id":"","url":"https://api.github.com/users/hypyeon","html_url":"https://github.com/hypyeon","followers_url":"https://api.github.com/users/hypyeon/followers","following_url":"https://api.github.com/users/hypyeon/following{/other_user}","gists_url":"https://api.github.com/users/hypyeon/gists{/gist_id}","starred_url":"https://api.github.com/users/hypyeon/starred{/owner}{/repo}","subscriptions_url":"https://api.github.com/users/hypyeon/subscriptions","organizations_url":"https://api.github.com/users/hypyeon/orgs","repos_url":"https://api.github.com/users/hypyeon/repos","events_url":"https://api.github.com/users/hypyeon/events{/privacy}","received_events_url":"https://api.github.com/users/hypyeon/received_events","type":"User","site_admin":false,"name":"Hayeong Pyeon","company":null,"blog":"www.hayeong.website","location":"Portland OR","email":null,"hireable":null,"bio":null,"twitter_username":null,"public_repos":51,"public_gists":0,"followers":15,"following":27,"created_at":"2020-12-03T16:56:01Z","updated_at":"2024-02-01T05:09:40Z","private_gists":2,"total_private_repos":4,"owned_private_repos":4,"disk_usage":234152,"collaborators":0,"two_factor_authentication":false,"plan":{"name":"free","space":976562499,"collaborators":0,"private_repos":10000}}
[info] 
[info] ✔  Success! Logged into GitHub as hypyeon 
[info] 
[debug] [2024-02-09T01:20:02.950Z] >>> [apiv2][query] GET https://api.github.com/repos//actions/secrets/public-key type=owner
[debug] [2024-02-09T01:20:03.342Z] <<< [apiv2][status] GET https://api.github.com/repos//actions/secrets/public-key 404
[debug] [2024-02-09T01:20:03.343Z] <<< [apiv2][body] GET https://api.github.com/repos//actions/secrets/public-key {"message":"Not Found","documentation_url":"https://docs.github.com/rest"}
[info] 
[info] 
[error] ⚠  The provided authorization cannot be used with this repository. If this repository is in an organization, did you remember to grant access? 
[info] 
[info] i  Action required: Visit this URL to ensure access has been granted to the appropriate organization(s) for the Firebase CLI GitHub OAuth App: 
[info] https://github.com/settings/connections/applications/89cf50f02ac6aaed3484
[info] 
